[2025-02-22 23:30:38,910: INFO: main: custom logging]
[2025-02-23 23:19:10,661: INFO: common: yaml file: config/config.yaml loaded successfully]
[2025-02-23 23:19:10,663: INFO: common: yaml file: params.yaml loaded successfully]
[2025-02-23 23:19:10,664: INFO: common: yaml file: schema.yaml loaded successfully]
[2025-02-23 23:19:10,665: INFO: common: created directory at: artifacts]
[2025-02-23 23:19:10,666: INFO: common: created directory at: artifacts/data_ingestion]
[2025-02-23 23:19:11,093: INFO: 3973924395: artifacts/data_ingestion/data.zip download! with following info: 
Connection: close
Content-Length: 23329
Cache-Control: max-age=300
Content-Security-Policy: default-src 'none'; style-src 'unsafe-inline'; sandbox
Content-Type: application/zip
ETag: "c69888a4ae59bc5a893392785a938ccd4937981c06ba8a9d6a21aa52b4ab5b6e"
Strict-Transport-Security: max-age=31536000
X-Content-Type-Options: nosniff
X-Frame-Options: deny
X-XSS-Protection: 1; mode=block
X-GitHub-Request-Id: 4786:28D13C:1234A:16750:67BBF33E
Accept-Ranges: bytes
Date: Mon, 24 Feb 2025 04:19:11 GMT
Via: 1.1 varnish
X-Served-By: cache-ewr-kewr1740054-EWR
X-Cache: MISS
X-Cache-Hits: 0
X-Timer: S1740370751.127723,VS0,VE90
Vary: Authorization,Accept-Encoding,Origin
Access-Control-Allow-Origin: *
Cross-Origin-Resource-Policy: cross-origin
X-Fastly-Request-ID: eb4de6bab34953b8b617e048f164b09e83485d7b
Expires: Mon, 24 Feb 2025 04:24:11 GMT
Source-Age: 0

]
[2025-02-25 00:06:23,216: INFO: main: custom logging]
[2025-02-25 00:06:23,216: INFO: main: >>>>>> stage Data Ingestion stage started <<<<<<]
[2025-02-25 00:06:23,217: INFO: common: yaml file: config/config.yaml loaded successfully]
[2025-02-25 00:06:23,220: INFO: common: yaml file: params.yaml loaded successfully]
[2025-02-25 00:06:23,221: INFO: common: yaml file: schema.yaml loaded successfully]
[2025-02-25 00:06:23,221: INFO: common: created directory at: artifacts]
[2025-02-25 00:06:23,221: INFO: common: created directory at: artifacts/data_ingestion]
[2025-02-25 00:06:23,571: INFO: data_ingestion: artifacts/data_ingestion/data.zip download! with following info: 
Connection: close
Content-Length: 23329
Cache-Control: max-age=300
Content-Security-Policy: default-src 'none'; style-src 'unsafe-inline'; sandbox
Content-Type: application/zip
ETag: "c69888a4ae59bc5a893392785a938ccd4937981c06ba8a9d6a21aa52b4ab5b6e"
Strict-Transport-Security: max-age=31536000
X-Content-Type-Options: nosniff
X-Frame-Options: deny
X-XSS-Protection: 1; mode=block
X-GitHub-Request-Id: 2E0A:3B5F39:B822D:EFBD9:67BD4FCE
Accept-Ranges: bytes
Date: Tue, 25 Feb 2025 05:06:23 GMT
Via: 1.1 varnish
X-Served-By: cache-ewr-kewr1740029-EWR
X-Cache: MISS
X-Cache-Hits: 0
X-Timer: S1740459984.643112,VS0,VE106
Vary: Authorization,Accept-Encoding,Origin
Access-Control-Allow-Origin: *
Cross-Origin-Resource-Policy: cross-origin
X-Fastly-Request-ID: cc03a6b62fe96c538bd73e005d10b020ab608c2e
Expires: Tue, 25 Feb 2025 05:11:23 GMT
Source-Age: 0

]
[2025-02-25 00:06:23,573: INFO: main: >>>>>> stage Data Ingestion stage completed <<<<<<

x==========x]
[2025-02-26 22:25:04,718: INFO: main: custom logging]
[2025-02-26 22:25:04,719: INFO: main: >>>>>> stage Data Ingestion stage started <<<<<<]
[2025-02-26 22:25:04,721: INFO: common: yaml file: config/config.yaml loaded successfully]
[2025-02-26 22:25:04,723: INFO: common: yaml file: params.yaml loaded successfully]
[2025-02-26 22:25:04,725: INFO: common: yaml file: schema.yaml loaded successfully]
[2025-02-26 22:25:04,726: INFO: common: created directory at: artifacts]
[2025-02-26 22:25:04,726: INFO: common: created directory at: artifacts/data_ingestion]
[2025-02-26 22:25:05,191: INFO: data_ingestion: artifacts/data_ingestion/data.zip download! with following info: 
Connection: close
Content-Length: 23329
Cache-Control: max-age=300
Content-Security-Policy: default-src 'none'; style-src 'unsafe-inline'; sandbox
Content-Type: application/zip
ETag: "c69888a4ae59bc5a893392785a938ccd4937981c06ba8a9d6a21aa52b4ab5b6e"
Strict-Transport-Security: max-age=31536000
X-Content-Type-Options: nosniff
X-Frame-Options: deny
X-XSS-Protection: 1; mode=block
X-GitHub-Request-Id: D24F:1ECA4C:E1AAA:11E7CF:67BFDB10
Accept-Ranges: bytes
Date: Thu, 27 Feb 2025 03:25:05 GMT
Via: 1.1 varnish
X-Served-By: cache-ewr-kewr1740024-EWR
X-Cache: MISS
X-Cache-Hits: 0
X-Timer: S1740626705.068872,VS0,VE197
Vary: Authorization,Accept-Encoding,Origin
Access-Control-Allow-Origin: *
Cross-Origin-Resource-Policy: cross-origin
X-Fastly-Request-ID: d01f7b861bcd12bb03c66d2fc181224455f9f15b
Expires: Thu, 27 Feb 2025 03:30:05 GMT
Source-Age: 0

]
[2025-02-26 22:25:05,197: INFO: main: >>>>>> stage Data Ingestion stage completed <<<<<<

x==========x]
[2025-02-26 22:38:40,730: INFO: common: yaml file: config/config.yaml loaded successfully]
[2025-02-26 22:38:40,733: INFO: common: yaml file: params.yaml loaded successfully]
[2025-02-26 22:38:40,738: INFO: common: yaml file: schema.yaml loaded successfully]
[2025-02-26 22:39:27,095: INFO: common: yaml file: config/config.yaml loaded successfully]
[2025-02-26 22:39:27,096: INFO: common: yaml file: params.yaml loaded successfully]
[2025-02-26 22:39:27,099: INFO: common: yaml file: schema.yaml loaded successfully]
[2025-02-26 22:39:27,100: INFO: common: created directory at: artifacts]
[2025-02-26 22:39:27,101: INFO: common: created directory at: artifacts/data_validation]
[2025-02-26 22:39:38,226: INFO: common: yaml file: config/config.yaml loaded successfully]
[2025-02-26 22:39:38,228: INFO: common: yaml file: params.yaml loaded successfully]
[2025-02-26 22:39:38,232: INFO: common: yaml file: schema.yaml loaded successfully]
[2025-02-26 22:39:38,234: INFO: common: created directory at: artifacts]
[2025-02-26 22:39:38,236: INFO: common: created directory at: artifacts/data_validation]
[2025-02-26 22:57:26,296: INFO: main: custom logging]
[2025-02-26 22:57:26,296: INFO: main: >>>>>> stage Data Ingestion stage started <<<<<<]
[2025-02-26 22:57:26,298: INFO: common: yaml file: config/config.yaml loaded successfully]
[2025-02-26 22:57:26,299: INFO: common: yaml file: params.yaml loaded successfully]
[2025-02-26 22:57:26,302: INFO: common: yaml file: schema.yaml loaded successfully]
[2025-02-26 22:57:26,302: INFO: common: created directory at: artifacts]
[2025-02-26 22:57:26,303: INFO: common: created directory at: artifacts/data_ingestion]
[2025-02-26 22:57:26,600: INFO: data_ingestion: artifacts/data_ingestion/data.zip download! with following info: 
Connection: close
Content-Length: 23329
Cache-Control: max-age=300
Content-Security-Policy: default-src 'none'; style-src 'unsafe-inline'; sandbox
Content-Type: application/zip
ETag: "c69888a4ae59bc5a893392785a938ccd4937981c06ba8a9d6a21aa52b4ab5b6e"
Strict-Transport-Security: max-age=31536000
X-Content-Type-Options: nosniff
X-Frame-Options: deny
X-XSS-Protection: 1; mode=block
X-GitHub-Request-Id: D24F:1ECA4C:E1AAA:11E7CF:67BFDB10
Accept-Ranges: bytes
Date: Thu, 27 Feb 2025 03:57:26 GMT
Via: 1.1 varnish
X-Served-By: cache-ewr-kewr1740074-EWR
X-Cache: HIT
X-Cache-Hits: 0
X-Timer: S1740628647.653318,VS0,VE75
Vary: Authorization,Accept-Encoding,Origin
Access-Control-Allow-Origin: *
Cross-Origin-Resource-Policy: cross-origin
X-Fastly-Request-ID: 1da8c31c29c63758dd1ac9ccbf8b0abd42549547
Expires: Thu, 27 Feb 2025 04:02:26 GMT
Source-Age: 0

]
[2025-02-26 22:57:26,603: INFO: main: >>>>>> stage Data Ingestion stage completed <<<<<<

x==========x]
[2025-02-26 23:00:07,527: INFO: main: custom logging]
[2025-02-26 23:00:07,527: INFO: main: >>>>>> stage Data Ingestion Stage started <<<<<<]
[2025-02-26 23:00:07,530: INFO: common: yaml file: config/config.yaml loaded successfully]
[2025-02-26 23:00:07,530: INFO: common: yaml file: params.yaml loaded successfully]
[2025-02-26 23:00:07,532: INFO: common: yaml file: schema.yaml loaded successfully]
[2025-02-26 23:00:07,533: INFO: common: created directory at: artifacts]
[2025-02-26 23:00:07,533: INFO: common: created directory at: artifacts/data_ingestion]
[2025-02-26 23:00:07,784: INFO: data_ingestion: artifacts/data_ingestion/data.zip download! with following info: 
Connection: close
Content-Length: 23329
Cache-Control: max-age=300
Content-Security-Policy: default-src 'none'; style-src 'unsafe-inline'; sandbox
Content-Type: application/zip
ETag: "c69888a4ae59bc5a893392785a938ccd4937981c06ba8a9d6a21aa52b4ab5b6e"
Strict-Transport-Security: max-age=31536000
X-Content-Type-Options: nosniff
X-Frame-Options: deny
X-XSS-Protection: 1; mode=block
X-GitHub-Request-Id: D24F:1ECA4C:E1AAA:11E7CF:67BFDB10
Accept-Ranges: bytes
Date: Thu, 27 Feb 2025 04:00:07 GMT
Via: 1.1 varnish
X-Served-By: cache-ewr-kewr1740042-EWR
X-Cache: HIT
X-Cache-Hits: 1
X-Timer: S1740628808.916120,VS0,VE0
Vary: Authorization,Accept-Encoding,Origin
Access-Control-Allow-Origin: *
Cross-Origin-Resource-Policy: cross-origin
X-Fastly-Request-ID: e7b715897692c11ba53feae582db656555a28915
Expires: Thu, 27 Feb 2025 04:05:07 GMT
Source-Age: 161

]
[2025-02-26 23:00:07,785: INFO: main: >>>>>> stage Data Ingestion Stage completed <<<<<<

x==========x]
[2025-02-26 23:00:07,785: INFO: main: >>>>>> stage Data Validation Stage started <<<<<<]
[2025-02-26 23:00:07,786: INFO: common: yaml file: config/config.yaml loaded successfully]
[2025-02-26 23:00:07,787: INFO: common: yaml file: params.yaml loaded successfully]
[2025-02-26 23:00:07,789: INFO: common: yaml file: schema.yaml loaded successfully]
[2025-02-26 23:00:07,789: INFO: common: created directory at: artifacts]
[2025-02-26 23:00:07,789: INFO: common: created directory at: artifacts/data_validation]
[2025-02-26 23:00:07,797: INFO: main: >>>>>> stage Data Validation Stage completed <<<<<<

x==========x]
